2020-08-28-15:45:08.241 [] INFO  Graphene - Load Coreference-Resolver: 'org.lambda3.graphene.core.coreference.impl.stanford.StanfordCoref' 
2020-08-28-15:45:08.486 [] INFO  StanfordCoreNLP - Adding annotator tokenize 
2020-08-28-15:45:08.538 [] INFO  StanfordCoreNLP - Adding annotator ssplit 
2020-08-28-15:45:08.551 [] INFO  StanfordCoreNLP - Adding annotator pos 
2020-08-28-15:45:10.753 [] INFO  MaxentTagger - Loading POS tagger from edu/stanford/nlp/models/pos-tagger/english-left3words-distsim.tagger ... done [2.1 sec]. 
2020-08-28-15:45:10.755 [] INFO  StanfordCoreNLP - Adding annotator lemma 
2020-08-28-15:45:10.758 [] INFO  StanfordCoreNLP - Adding annotator ner 
2020-08-28-15:45:14.643 [] INFO  AbstractSequenceClassifier - Loading classifier from edu/stanford/nlp/models/ner/english.all.3class.distsim.crf.ser.gz ... done [3.7 sec]. 
2020-08-28-15:45:15.722 [] INFO  AbstractSequenceClassifier - Loading classifier from edu/stanford/nlp/models/ner/english.muc.7class.distsim.crf.ser.gz ... done [1.1 sec]. 
2020-08-28-15:45:18.331 [] INFO  AbstractSequenceClassifier - Loading classifier from edu/stanford/nlp/models/ner/english.conll.4class.distsim.crf.ser.gz ... done [2.6 sec]. 
2020-08-28-15:45:18.338 [] INFO  JollyDayHolidays - Initializing JollyDayHoliday for SUTime from classpath edu/stanford/nlp/models/sutime/jollyday/Holidays_sutime.xml as sutime.binder.1. 
2020-08-28-15:45:18.825 [] INFO  TimeExpressionExtractorImpl - Using following SUTime rules: edu/stanford/nlp/models/sutime/defs.sutime.txt,edu/stanford/nlp/models/sutime/english.sutime.txt,edu/stanford/nlp/models/sutime/english.holidays.sutime.txt 
2020-08-28-15:45:20.098 [] DEBUG CoreMapExpressionExtractor - Ignoring inactive rule: null 
2020-08-28-15:45:20.100 [] DEBUG CoreMapExpressionExtractor - Ignoring inactive rule: temporal-composite-8:ranges 
2020-08-28-15:45:29.988 [] INFO  TokensRegexNERAnnotator - ner.fine.regexner: Read 580705 unique entries out of 581864 from edu/stanford/nlp/models/kbp/english/gazetteers/regexner_caseless.tab, 0 TokensRegex patterns. 
2020-08-28-15:45:30.046 [] INFO  TokensRegexNERAnnotator - ner.fine.regexner: Read 4869 unique entries out of 4869 from edu/stanford/nlp/models/kbp/english/gazetteers/regexner_cased.tab, 0 TokensRegex patterns. 
2020-08-28-15:45:30.051 [] INFO  TokensRegexNERAnnotator - ner.fine.regexner: Read 585574 unique entries from 2 files 
2020-08-28-15:45:43.947 [] INFO  NERCombinerAnnotator - Using numeric classifiers: true 
2020-08-28-15:45:43.951 [] INFO  NERCombinerAnnotator - Using SUTime: true 
2020-08-28-15:45:43.952 [] INFO  NERCombinerAnnotator - Using fine grained: true 
2020-08-28-15:45:43.958 [] INFO  StanfordCoreNLP - Adding annotator depparse 
2020-08-28-15:45:44.228 [] INFO  DependencyParser - Loading depparse model: edu/stanford/nlp/models/parser/nndep/english_UD.gz ...  
2020-08-28-15:45:58.257 [] INFO  DependencyParser - Done reading from disk ... Time elapsed: 14.0 sec 
2020-08-28-15:50:07.668 [] INFO  Graphene - Load Coreference-Resolver: 'org.lambda3.graphene.core.coreference.impl.stanford.StanfordCoref' 
2020-08-28-15:50:07.881 [] INFO  StanfordCoreNLP - Adding annotator tokenize 
2020-08-28-15:50:07.918 [] INFO  StanfordCoreNLP - Adding annotator ssplit 
2020-08-28-15:50:07.929 [] INFO  StanfordCoreNLP - Adding annotator pos 
2020-08-28-15:50:10.145 [] INFO  MaxentTagger - Loading POS tagger from edu/stanford/nlp/models/pos-tagger/english-left3words-distsim.tagger ... done [2.2 sec]. 
2020-08-28-15:50:10.147 [] INFO  StanfordCoreNLP - Adding annotator lemma 
2020-08-28-15:50:10.150 [] INFO  StanfordCoreNLP - Adding annotator ner 
2020-08-28-15:50:13.328 [] INFO  AbstractSequenceClassifier - Loading classifier from edu/stanford/nlp/models/ner/english.all.3class.distsim.crf.ser.gz ... done [3.0 sec]. 
2020-08-28-15:50:14.556 [] INFO  AbstractSequenceClassifier - Loading classifier from edu/stanford/nlp/models/ner/english.muc.7class.distsim.crf.ser.gz ... done [1.2 sec]. 
2020-08-28-15:50:17.566 [] INFO  AbstractSequenceClassifier - Loading classifier from edu/stanford/nlp/models/ner/english.conll.4class.distsim.crf.ser.gz ... done [3.0 sec]. 
2020-08-28-15:50:17.573 [] INFO  JollyDayHolidays - Initializing JollyDayHoliday for SUTime from classpath edu/stanford/nlp/models/sutime/jollyday/Holidays_sutime.xml as sutime.binder.1. 
2020-08-28-15:50:18.071 [] INFO  TimeExpressionExtractorImpl - Using following SUTime rules: edu/stanford/nlp/models/sutime/defs.sutime.txt,edu/stanford/nlp/models/sutime/english.sutime.txt,edu/stanford/nlp/models/sutime/english.holidays.sutime.txt 
2020-08-28-15:50:19.587 [] DEBUG CoreMapExpressionExtractor - Ignoring inactive rule: null 
2020-08-28-15:50:19.588 [] DEBUG CoreMapExpressionExtractor - Ignoring inactive rule: temporal-composite-8:ranges 
2020-08-28-15:50:30.777 [] INFO  TokensRegexNERAnnotator - ner.fine.regexner: Read 580705 unique entries out of 581864 from edu/stanford/nlp/models/kbp/english/gazetteers/regexner_caseless.tab, 0 TokensRegex patterns. 
2020-08-28-15:50:30.806 [] INFO  TokensRegexNERAnnotator - ner.fine.regexner: Read 4869 unique entries out of 4869 from edu/stanford/nlp/models/kbp/english/gazetteers/regexner_cased.tab, 0 TokensRegex patterns. 
2020-08-28-15:50:30.807 [] INFO  TokensRegexNERAnnotator - ner.fine.regexner: Read 585574 unique entries from 2 files 
2020-08-28-15:50:41.595 [] INFO  NERCombinerAnnotator - Using numeric classifiers: true 
2020-08-28-15:50:41.596 [] INFO  NERCombinerAnnotator - Using SUTime: true 
2020-08-28-15:50:41.596 [] INFO  NERCombinerAnnotator - Using fine grained: true 
2020-08-28-15:50:41.601 [] INFO  StanfordCoreNLP - Adding annotator depparse 
2020-08-28-15:50:41.803 [] INFO  DependencyParser - Loading depparse model: edu/stanford/nlp/models/parser/nndep/english_UD.gz ...  
2020-08-28-15:50:45.473 [] INFO  DependencyParser - Done reading from disk ... Time elapsed: 3.7 sec 
2020-08-28-15:51:18.148 [] INFO  Classifier - PreComputed 99990, Elapsed Time: 32.672 (s) 
2020-08-28-15:51:18.152 [] INFO  DependencyParser - Initializing dependency parser ... done [36.4 sec]. 
2020-08-28-15:51:18.165 [] INFO  StanfordCoreNLP - Adding annotator mention 
2020-08-28-18:17:33.951 [] INFO  Graphene - Load Coreference-Resolver: 'org.lambda3.graphene.core.coreference.impl.stanford.StanfordCoref' 
2020-08-28-18:17:34.165 [] INFO  StanfordCoreNLP - Adding annotator tokenize 
2020-08-28-18:17:34.203 [] INFO  StanfordCoreNLP - Adding annotator ssplit 
2020-08-28-18:17:34.213 [] INFO  StanfordCoreNLP - Adding annotator pos 
2020-08-28-18:17:36.441 [] INFO  MaxentTagger - Loading POS tagger from edu/stanford/nlp/models/pos-tagger/english-left3words-distsim.tagger ... done [2.2 sec]. 
2020-08-28-18:17:36.443 [] INFO  StanfordCoreNLP - Adding annotator lemma 
2020-08-28-18:17:36.445 [] INFO  StanfordCoreNLP - Adding annotator ner 
2020-08-28-18:17:39.788 [] INFO  AbstractSequenceClassifier - Loading classifier from edu/stanford/nlp/models/ner/english.all.3class.distsim.crf.ser.gz ... done [3.2 sec]. 
2020-08-28-18:17:40.814 [] INFO  AbstractSequenceClassifier - Loading classifier from edu/stanford/nlp/models/ner/english.muc.7class.distsim.crf.ser.gz ... done [1.0 sec]. 
2020-08-28-18:17:43.250 [] INFO  AbstractSequenceClassifier - Loading classifier from edu/stanford/nlp/models/ner/english.conll.4class.distsim.crf.ser.gz ... done [2.4 sec]. 
2020-08-28-18:17:43.258 [] INFO  JollyDayHolidays - Initializing JollyDayHoliday for SUTime from classpath edu/stanford/nlp/models/sutime/jollyday/Holidays_sutime.xml as sutime.binder.1. 
2020-08-28-18:17:43.657 [] INFO  TimeExpressionExtractorImpl - Using following SUTime rules: edu/stanford/nlp/models/sutime/defs.sutime.txt,edu/stanford/nlp/models/sutime/english.sutime.txt,edu/stanford/nlp/models/sutime/english.holidays.sutime.txt 
2020-08-28-18:17:44.975 [] DEBUG CoreMapExpressionExtractor - Ignoring inactive rule: null 
2020-08-28-18:17:44.977 [] DEBUG CoreMapExpressionExtractor - Ignoring inactive rule: temporal-composite-8:ranges 
2020-08-28-18:17:56.004 [] INFO  TokensRegexNERAnnotator - ner.fine.regexner: Read 580705 unique entries out of 581864 from edu/stanford/nlp/models/kbp/english/gazetteers/regexner_caseless.tab, 0 TokensRegex patterns. 
2020-08-28-18:17:56.050 [] INFO  TokensRegexNERAnnotator - ner.fine.regexner: Read 4869 unique entries out of 4869 from edu/stanford/nlp/models/kbp/english/gazetteers/regexner_cased.tab, 0 TokensRegex patterns. 
2020-08-28-18:17:56.051 [] INFO  TokensRegexNERAnnotator - ner.fine.regexner: Read 585574 unique entries from 2 files 
2020-08-28-18:18:08.478 [] INFO  NERCombinerAnnotator - Using numeric classifiers: true 
2020-08-28-18:18:08.478 [] INFO  NERCombinerAnnotator - Using SUTime: true 
2020-08-28-18:18:08.479 [] INFO  NERCombinerAnnotator - Using fine grained: true 
2020-08-28-18:18:08.483 [] INFO  StanfordCoreNLP - Adding annotator depparse 
2020-08-28-18:18:08.775 [] INFO  DependencyParser - Loading depparse model: edu/stanford/nlp/models/parser/nndep/english_UD.gz ...  
2020-08-28-18:18:12.140 [] INFO  DependencyParser - Done reading from disk ... Time elapsed: 3.4 sec 
2020-08-28-18:19:04.467 [] INFO  Classifier - PreComputed 99990, Elapsed Time: 52.305 (s) 
2020-08-28-18:19:04.488 [] INFO  DependencyParser - Initializing dependency parser ... done [55.7 sec]. 
2020-08-28-18:19:04.534 [] INFO  StanfordCoreNLP - Adding annotator mention 
2020-09-03-18:06:12.467 [] INFO  MaxentTagger - Loading POS tagger from edu/stanford/nlp/models/pos-tagger/english-left3words-distsim.tagger ... done [2.1 sec]. 
2020-09-03-18:06:15.740 [] INFO  ParserGrammar - Loading parser from serialized file edu/stanford/nlp/models/lexparser/englishPCFG.ser.gz ... done [3.0 sec]. 
2020-09-03-18:06:18.946 [] INFO  ClauseSplitter - Loading clause splitter from edu/stanford/nlp/models/naturalli/clauseSearcherModel.ser.gz ... done [0.0138 seconds] 
2020-09-03-18:07:38.539 [] INFO  MaxentTagger - Loading POS tagger from edu/stanford/nlp/models/pos-tagger/english-left3words-distsim.tagger ... done [2.1 sec]. 
2020-09-03-18:07:39.172 [] INFO  DependencyParser - Loading depparse model: edu/stanford/nlp/models/parser/nndep/english_UD.gz ...  
2020-09-03-18:07:41.750 [] INFO  DependencyParser - Done reading from disk ... Time elapsed: 2.6 sec 
2020-09-03-18:08:08.009 [] INFO  Classifier - PreComputed 99990, Elapsed Time: 26.252 (s) 
2020-09-03-18:08:08.014 [] INFO  DependencyParser - Initializing dependency parser ... done [28.8 sec]. 
2020-09-03-18:08:09.800 [] INFO  ClauseSplitter - Loading clause splitter from edu/stanford/nlp/models/naturalli/clauseSearcherModel.ser.gz ... done [0.0248 seconds] 
